  Land.cpp
  main.cpp
C:\Users\samue\OneDrive\Université\3 - H22\INF1010\TP\tp4\tp4\main.cpp(51,7): error C2065: 'T': undeclared identifier
C:\Users\samue\OneDrive\Université\3 - H22\INF1010\TP\tp4\tp4\main.cpp(51,2): error C2923: 'Land': 'T' is not a valid template type argument for parameter 'T'
C:\Users\samue\OneDrive\Université\3 - H22\INF1010\TP\tp4\tp4\main.cpp(51,18): error C2641: cannot deduce template arguments for 'Land'
C:\Users\samue\OneDrive\Université\3 - H22\INF1010\TP\tp4\tp4\main.cpp(51,34): error C2783: 'Land<T> Land(std::string)': could not deduce template argument for 'T'
C:\Users\samue\OneDrive\Université\3 - H22\INF1010\TP\tp4\tp4\Land.h(31): message : see declaration of 'Land'
C:\Users\samue\OneDrive\Université\3 - H22\INF1010\TP\tp4\tp4\main.cpp(51,34): error C2780: 'Land<T> Land(void)': expects 0 arguments - 1 provided
C:\Users\samue\OneDrive\Université\3 - H22\INF1010\TP\tp4\tp4\Land.h(30): message : see declaration of 'Land'
C:\Users\samue\OneDrive\Université\3 - H22\INF1010\TP\tp4\tp4\main.cpp(51,34): error C2784: 'Land<T> Land(Land<T>)': could not deduce template argument for 'Land<T>' from 'const char [13]'
C:\Users\samue\OneDrive\Université\3 - H22\INF1010\TP\tp4\tp4\Land.h(28): message : see declaration of 'Land'
C:\Users\samue\OneDrive\Université\3 - H22\INF1010\TP\tp4\tp4\main.cpp(51,34): error C2784: 'Land<T> Land(Land<T>)': could not deduce template argument for 'Land<T>' from 'const char [13]'
C:\Users\samue\OneDrive\Université\3 - H22\INF1010\TP\tp4\tp4\Land.h(28): message : see declaration of 'Land'
C:\Users\samue\OneDrive\Université\3 - H22\INF1010\TP\tp4\tp4\main.cpp(65,43): error C2678: binary '+=': no operator found which takes a left-hand operand of type 'Land' (or there is no acceptable conversion)
C:\Users\samue\OneDrive\Université\3 - H22\INF1010\TP\tp4\tp4\Land.h(52,8): message : could be 'Land<T> &Land<T>::operator +=(const std::shared_ptr<Creature> &)'
C:\Users\samue\OneDrive\Université\3 - H22\INF1010\TP\tp4\tp4\Land.h(50,8): message : or       'Land<T> &Land<T>::operator +=(const std::shared_ptr<Dresseur> &)'
C:\Users\samue\OneDrive\Université\3 - H22\INF1010\TP\tp4\tp4\main.cpp(65,43): message : while trying to match the argument list '(Land, std::shared_ptr<Dresseur>)'
C:\Users\samue\OneDrive\Université\3 - H22\INF1010\TP\tp4\tp4\main.cpp(66,33): error C2662: 'std::shared_ptr<Dresseur> Land<T>::choisirDresseur(std::string)': cannot convert 'this' pointer from 'Land' to 'Land<T> &'
C:\Users\samue\OneDrive\Université\3 - H22\INF1010\TP\tp4\tp4\main.cpp(66,33): message : Reason: cannot convert from 'Land' to 'Land<T>'
C:\Users\samue\OneDrive\Université\3 - H22\INF1010\TP\tp4\tp4\main.cpp(66,4): message : Conversion requires a second user-defined-conversion operator or constructor
C:\Users\samue\OneDrive\Université\3 - H22\INF1010\TP\tp4\tp4\Land.h(33,23): message : see declaration of 'Land<T>::choisirDresseur'
C:\Users\samue\OneDrive\Université\3 - H22\INF1010\TP\tp4\tp4\main.cpp(68,41): error C2662: 'std::list<std::shared_ptr<Dresseur>,std::allocator<std::shared_ptr<Dresseur>>> &Land<T>::obtenirDresseurs(void)': cannot convert 'this' pointer from 'Land' to 'Land<T> &'
C:\Users\samue\OneDrive\Université\3 - H22\INF1010\TP\tp4\tp4\main.cpp(68,41): message : Reason: cannot convert from 'Land' to 'Land<T>'
C:\Users\samue\OneDrive\Université\3 - H22\INF1010\TP\tp4\tp4\main.cpp(68,15): message : Conversion requires a second user-defined-conversion operator or constructor
C:\Users\samue\OneDrive\Université\3 - H22\INF1010\TP\tp4\tp4\Land.h(42,30): message : see declaration of 'Land<T>::obtenirDresseurs'
C:\Users\samue\OneDrive\Université\3 - H22\INF1010\TP\tp4\tp4\main.cpp(68,94): error C2662: 'std::list<std::shared_ptr<Creature>,std::allocator<std::shared_ptr<Creature>>> &Land<T>::obtenirCreatures(void)': cannot convert 'this' pointer from 'Land' to 'Land<T> &'
C:\Users\samue\OneDrive\Université\3 - H22\INF1010\TP\tp4\tp4\main.cpp(68,94): message : Reason: cannot convert from 'Land' to 'Land<T>'
C:\Users\samue\OneDrive\Université\3 - H22\INF1010\TP\tp4\tp4\main.cpp(68,68): message : Conversion requires a second user-defined-conversion operator or constructor
C:\Users\samue\OneDrive\Université\3 - H22\INF1010\TP\tp4\tp4\Land.h(43,30): message : see declaration of 'Land<T>::obtenirCreatures'
C:\Users\samue\OneDrive\Université\3 - H22\INF1010\TP\tp4\tp4\main.cpp(89,40): error C2662: 'std::shared_ptr<Dresseur> Land<T>::choisirDresseur(std::string)': cannot convert 'this' pointer from 'Land' to 'Land<T> &'
C:\Users\samue\OneDrive\Université\3 - H22\INF1010\TP\tp4\tp4\main.cpp(89,40): message : Reason: cannot convert from 'Land' to 'Land<T>'
C:\Users\samue\OneDrive\Université\3 - H22\INF1010\TP\tp4\tp4\main.cpp(89,10): message : Conversion requires a second user-defined-conversion operator or constructor
C:\Users\samue\OneDrive\Université\3 - H22\INF1010\TP\tp4\tp4\Land.h(33,23): message : see declaration of 'Land<T>::choisirDresseur'
C:\Users\samue\OneDrive\Université\3 - H22\INF1010\TP\tp4\tp4\main.cpp(90,48): error C2662: 'std::shared_ptr<Creature> Land<T>::choisirCreature(std::string)': cannot convert 'this' pointer from 'Land' to 'Land<T> &'
C:\Users\samue\OneDrive\Université\3 - H22\INF1010\TP\tp4\tp4\main.cpp(90,48): message : Reason: cannot convert from 'Land' to 'Land<T>'
C:\Users\samue\OneDrive\Université\3 - H22\INF1010\TP\tp4\tp4\main.cpp(90,14): message : Conversion requires a second user-defined-conversion operator or constructor
C:\Users\samue\OneDrive\Université\3 - H22\INF1010\TP\tp4\tp4\Land.h(34,23): message : see declaration of 'Land<T>::choisirCreature'
C:\Users\samue\OneDrive\Université\3 - H22\INF1010\TP\tp4\tp4\main.cpp(116,20): error C2679: binary '<<': no operator found which takes a right-hand operand of type 'Land' (or there is no acceptable conversion)
C:\Program Files (x86)\Microsoft Visual Studio\2019\Community\VC\Tools\MSVC\14.28.29333\include\ostream(465,39): message : could be 'std::basic_ostream<char,std::char_traits<char>> &std::basic_ostream<char,std::char_traits<char>>::operator <<(std::basic_streambuf<char,std::char_traits<char>> *)'
C:\Program Files (x86)\Microsoft Visual Studio\2019\Community\VC\Tools\MSVC\14.28.29333\include\ostream(440,39): message : or       'std::basic_ostream<char,std::char_traits<char>> &std::basic_ostream<char,std::char_traits<char>>::operator <<(const void *)'
C:\Program Files (x86)\Microsoft Visual Studio\2019\Community\VC\Tools\MSVC\14.28.29333\include\ostream(422,39): message : or       'std::basic_ostream<char,std::char_traits<char>> &std::basic_ostream<char,std::char_traits<char>>::operator <<(long double)'
C:\Program Files (x86)\Microsoft Visual Studio\2019\Community\VC\Tools\MSVC\14.28.29333\include\ostream(404,39): message : or       'std::basic_ostream<char,std::char_traits<char>> &std::basic_ostream<char,std::char_traits<char>>::operator <<(double)'
C:\Program Files (x86)\Microsoft Visual Studio\2019\Community\VC\Tools\MSVC\14.28.29333\include\ostream(386,39): message : or       'std::basic_ostream<char,std::char_traits<char>> &std::basic_ostream<char,std::char_traits<char>>::operator <<(float)'
C:\Program Files (x86)\Microsoft Visual Studio\2019\Community\VC\Tools\MSVC\14.28.29333\include\ostream(368,39): message : or       'std::basic_ostream<char,std::char_traits<char>> &std::basic_ostream<char,std::char_traits<char>>::operator <<(unsigned __int64)'
C:\Program Files (x86)\Microsoft Visual Studio\2019\Community\VC\Tools\MSVC\14.28.29333\include\ostream(350,39): message : or       'std::basic_ostream<char,std::char_traits<char>> &std::basic_ostream<char,std::char_traits<char>>::operator <<(__int64)'
C:\Program Files (x86)\Microsoft Visual Studio\2019\Community\VC\Tools\MSVC\14.28.29333\include\ostream(332,39): message : or       'std::basic_ostream<char,std::char_traits<char>> &std::basic_ostream<char,std::char_traits<char>>::operator <<(unsigned long)'
C:\Program Files (x86)\Microsoft Visual Studio\2019\Community\VC\Tools\MSVC\14.28.29333\include\ostream(314,39): message : or       'std::basic_ostream<char,std::char_traits<char>> &std::basic_ostream<char,std::char_traits<char>>::operator <<(long)'
C:\Program Files (x86)\Microsoft Visual Studio\2019\Community\VC\Tools\MSVC\14.28.29333\include\ostream(295,39): message : or       'std::basic_ostream<char,std::char_traits<char>> &std::basic_ostream<char,std::char_traits<char>>::operator <<(unsigned int)'
C:\Program Files (x86)\Microsoft Visual Studio\2019\Community\VC\Tools\MSVC\14.28.29333\include\ostream(269,39): message : or       'std::basic_ostream<char,std::char_traits<char>> &std::basic_ostream<char,std::char_traits<char>>::operator <<(int)'
C:\Program Files (x86)\Microsoft Visual Studio\2019\Community\VC\Tools\MSVC\14.28.29333\include\ostream(250,39): message : or       'std::basic_ostream<char,std::char_traits<char>> &std::basic_ostream<char,std::char_traits<char>>::operator <<(unsigned short)'
C:\Program Files (x86)\Microsoft Visual Studio\2019\Community\VC\Tools\MSVC\14.28.29333\include\ostream(216,39): message : or       'std::basic_ostream<char,std::char_traits<char>> &std::basic_ostream<char,std::char_traits<char>>::operator <<(short)'
C:\Program Files (x86)\Microsoft Visual Studio\2019\Community\VC\Tools\MSVC\14.28.29333\include\ostream(198,39): message : or       'std::basic_ostream<char,std::char_traits<char>> &std::basic_ostream<char,std::char_traits<char>>::operator <<(bool)'
C:\Program Files (x86)\Microsoft Visual Studio\2019\Community\VC\Tools\MSVC\14.28.29333\include\ostream(193,39): message : or       'std::basic_ostream<char,std::char_traits<char>> &std::basic_ostream<char,std::char_traits<char>>::operator <<(std::ios_base &(__cdecl *)(std::ios_base &))'
C:\Program Files (x86)\Microsoft Visual Studio\2019\Community\VC\Tools\MSVC\14.28.29333\include\ostream(188,39): message : or       'std::basic_ostream<char,std::char_traits<char>> &std::basic_ostream<char,std::char_traits<char>>::operator <<(std::basic_ios<char,std::char_traits<char>> &(__cdecl *)(std::basic_ios<char,std::char_traits<char>> &))'
C:\Program Files (x86)\Microsoft Visual Studio\2019\Community\VC\Tools\MSVC\14.28.29333\include\ostream(183,39): message : or       'std::basic_ostream<char,std::char_traits<char>> &std::basic_ostream<char,std::char_traits<char>>::operator <<(std::basic_ostream<char,std::char_traits<char>> &(__cdecl *)(std::basic_ostream<char,std::char_traits<char>> &))'
C:\Program Files (x86)\Microsoft Visual Studio\2019\Community\VC\Tools\MSVC\14.28.29333\include\ostream(460,20): message : or       'std::basic_ostream<char,std::char_traits<char>> &std::basic_ostream<char,std::char_traits<char>>::operator <<<void>(std::nullptr_t)'
C:\Program Files (x86)\Microsoft Visual Studio\2019\Community\VC\Tools\MSVC\14.28.29333\include\ostream(998,32): message : or       'std::basic_ostream<char,std::char_traits<char>> &std::operator <<<char,std::char_traits<char>>(std::basic_ostream<char,std::char_traits<char>> &,const std::error_code &)'
C:\Program Files (x86)\Microsoft Visual Studio\2019\Community\VC\Tools\MSVC\14.28.29333\include\ostream(912,31): message : or       'std::basic_ostream<char,std::char_traits<char>> &std::operator <<<std::char_traits<char>>(std::basic_ostream<char,std::char_traits<char>> &,unsigned char)'
C:\Program Files (x86)\Microsoft Visual Studio\2019\Community\VC\Tools\MSVC\14.28.29333\include\ostream(906,31): message : or       'std::basic_ostream<char,std::char_traits<char>> &std::operator <<<std::char_traits<char>>(std::basic_ostream<char,std::char_traits<char>> &,const unsigned char *)'
C:\Program Files (x86)\Microsoft Visual Studio\2019\Community\VC\Tools\MSVC\14.28.29333\include\ostream(901,31): message : or       'std::basic_ostream<char,std::char_traits<char>> &std::operator <<<std::char_traits<char>>(std::basic_ostream<char,std::char_traits<char>> &,signed char)'
C:\Program Files (x86)\Microsoft Visual Studio\2019\Community\VC\Tools\MSVC\14.28.29333\include\ostream(895,31): message : or       'std::basic_ostream<char,std::char_traits<char>> &std::operator <<<std::char_traits<char>>(std::basic_ostream<char,std::char_traits<char>> &,const signed char *)'
C:\Program Files (x86)\Microsoft Visual Studio\2019\Community\VC\Tools\MSVC\14.28.29333\include\ostream(778,31): message : or       'std::basic_ostream<char,std::char_traits<char>> &std::operator <<<std::char_traits<char>>(std::basic_ostream<char,std::char_traits<char>> &,char)'
C:\Program Files (x86)\Microsoft Visual Studio\2019\Community\VC\Tools\MSVC\14.28.29333\include\ostream(733,31): message : or       'std::basic_ostream<char,std::char_traits<char>> &std::operator <<<std::char_traits<char>>(std::basic_ostream<char,std::char_traits<char>> &,const char *)'
C:\Program Files (x86)\Microsoft Visual Studio\2019\Community\VC\Tools\MSVC\14.28.29333\include\ostream(697,32): message : or       'std::basic_ostream<char,std::char_traits<char>> &std::operator <<<char,std::char_traits<char>>(std::basic_ostream<char,std::char_traits<char>> &,char)'
C:\Program Files (x86)\Microsoft Visual Studio\2019\Community\VC\Tools\MSVC\14.28.29333\include\ostream(653,32): message : or       'std::basic_ostream<char,std::char_traits<char>> &std::operator <<<char,std::char_traits<char>>(std::basic_ostream<char,std::char_traits<char>> &,const char *)'
C:\Users\samue\OneDrive\Université\3 - H22\INF1010\TP\tp4\tp4\main.cpp(116,20): message : while trying to match the argument list '(std::ostream, Land)'
C:\Users\samue\OneDrive\Université\3 - H22\INF1010\TP\tp4\tp4\main.cpp(122,20): error C2679: binary '<<': no operator found which takes a right-hand operand of type 'Land' (or there is no acceptable conversion)
C:\Program Files (x86)\Microsoft Visual Studio\2019\Community\VC\Tools\MSVC\14.28.29333\include\ostream(465,39): message : could be 'std::basic_ostream<char,std::char_traits<char>> &std::basic_ostream<char,std::char_traits<char>>::operator <<(std::basic_streambuf<char,std::char_traits<char>> *)'
C:\Program Files (x86)\Microsoft Visual Studio\2019\Community\VC\Tools\MSVC\14.28.29333\include\ostream(440,39): message : or       'std::basic_ostream<char,std::char_traits<char>> &std::basic_ostream<char,std::char_traits<char>>::operator <<(const void *)'
C:\Program Files (x86)\Microsoft Visual Studio\2019\Community\VC\Tools\MSVC\14.28.29333\include\ostream(422,39): message : or       'std::basic_ostream<char,std::char_traits<char>> &std::basic_ostream<char,std::char_traits<char>>::operator <<(long double)'
C:\Program Files (x86)\Microsoft Visual Studio\2019\Community\VC\Tools\MSVC\14.28.29333\include\ostream(404,39): message : or       'std::basic_ostream<char,std::char_traits<char>> &std::basic_ostream<char,std::char_traits<char>>::operator <<(double)'
C:\Program Files (x86)\Microsoft Visual Studio\2019\Community\VC\Tools\MSVC\14.28.29333\include\ostream(386,39): message : or       'std::basic_ostream<char,std::char_traits<char>> &std::basic_ostream<char,std::char_traits<char>>::operator <<(float)'
C:\Program Files (x86)\Microsoft Visual Studio\2019\Community\VC\Tools\MSVC\14.28.29333\include\ostream(368,39): message : or       'std::basic_ostream<char,std::char_traits<char>> &std::basic_ostream<char,std::char_traits<char>>::operator <<(unsigned __int64)'
C:\Program Files (x86)\Microsoft Visual Studio\2019\Community\VC\Tools\MSVC\14.28.29333\include\ostream(350,39): message : or       'std::basic_ostream<char,std::char_traits<char>> &std::basic_ostream<char,std::char_traits<char>>::operator <<(__int64)'
C:\Program Files (x86)\Microsoft Visual Studio\2019\Community\VC\Tools\MSVC\14.28.29333\include\ostream(332,39): message : or       'std::basic_ostream<char,std::char_traits<char>> &std::basic_ostream<char,std::char_traits<char>>::operator <<(unsigned long)'
C:\Program Files (x86)\Microsoft Visual Studio\2019\Community\VC\Tools\MSVC\14.28.29333\include\ostream(314,39): message : or       'std::basic_ostream<char,std::char_traits<char>> &std::basic_ostream<char,std::char_traits<char>>::operator <<(long)'
C:\Program Files (x86)\Microsoft Visual Studio\2019\Community\VC\Tools\MSVC\14.28.29333\include\ostream(295,39): message : or       'std::basic_ostream<char,std::char_traits<char>> &std::basic_ostream<char,std::char_traits<char>>::operator <<(unsigned int)'
C:\Program Files (x86)\Microsoft Visual Studio\2019\Community\VC\Tools\MSVC\14.28.29333\include\ostream(269,39): message : or       'std::basic_ostream<char,std::char_traits<char>> &std::basic_ostream<char,std::char_traits<char>>::operator <<(int)'
C:\Program Files (x86)\Microsoft Visual Studio\2019\Community\VC\Tools\MSVC\14.28.29333\include\ostream(250,39): message : or       'std::basic_ostream<char,std::char_traits<char>> &std::basic_ostream<char,std::char_traits<char>>::operator <<(unsigned short)'
C:\Program Files (x86)\Microsoft Visual Studio\2019\Community\VC\Tools\MSVC\14.28.29333\include\ostream(216,39): message : or       'std::basic_ostream<char,std::char_traits<char>> &std::basic_ostream<char,std::char_traits<char>>::operator <<(short)'
C:\Program Files (x86)\Microsoft Visual Studio\2019\Community\VC\Tools\MSVC\14.28.29333\include\ostream(198,39): message : or       'std::basic_ostream<char,std::char_traits<char>> &std::basic_ostream<char,std::char_traits<char>>::operator <<(bool)'
C:\Program Files (x86)\Microsoft Visual Studio\2019\Community\VC\Tools\MSVC\14.28.29333\include\ostream(193,39): message : or       'std::basic_ostream<char,std::char_traits<char>> &std::basic_ostream<char,std::char_traits<char>>::operator <<(std::ios_base &(__cdecl *)(std::ios_base &))'
C:\Program Files (x86)\Microsoft Visual Studio\2019\Community\VC\Tools\MSVC\14.28.29333\include\ostream(188,39): message : or       'std::basic_ostream<char,std::char_traits<char>> &std::basic_ostream<char,std::char_traits<char>>::operator <<(std::basic_ios<char,std::char_traits<char>> &(__cdecl *)(std::basic_ios<char,std::char_traits<char>> &))'
C:\Program Files (x86)\Microsoft Visual Studio\2019\Community\VC\Tools\MSVC\14.28.29333\include\ostream(183,39): message : or       'std::basic_ostream<char,std::char_traits<char>> &std::basic_ostream<char,std::char_traits<char>>::operator <<(std::basic_ostream<char,std::char_traits<char>> &(__cdecl *)(std::basic_ostream<char,std::char_traits<char>> &))'
C:\Program Files (x86)\Microsoft Visual Studio\2019\Community\VC\Tools\MSVC\14.28.29333\include\ostream(460,20): message : or       'std::basic_ostream<char,std::char_traits<char>> &std::basic_ostream<char,std::char_traits<char>>::operator <<<void>(std::nullptr_t)'
C:\Program Files (x86)\Microsoft Visual Studio\2019\Community\VC\Tools\MSVC\14.28.29333\include\ostream(998,32): message : or       'std::basic_ostream<char,std::char_traits<char>> &std::operator <<<char,std::char_traits<char>>(std::basic_ostream<char,std::char_traits<char>> &,const std::error_code &)'
C:\Program Files (x86)\Microsoft Visual Studio\2019\Community\VC\Tools\MSVC\14.28.29333\include\ostream(912,31): message : or       'std::basic_ostream<char,std::char_traits<char>> &std::operator <<<std::char_traits<char>>(std::basic_ostream<char,std::char_traits<char>> &,unsigned char)'
C:\Program Files (x86)\Microsoft Visual Studio\2019\Community\VC\Tools\MSVC\14.28.29333\include\ostream(906,31): message : or       'std::basic_ostream<char,std::char_traits<char>> &std::operator <<<std::char_traits<char>>(std::basic_ostream<char,std::char_traits<char>> &,const unsigned char *)'
C:\Program Files (x86)\Microsoft Visual Studio\2019\Community\VC\Tools\MSVC\14.28.29333\include\ostream(901,31): message : or       'std::basic_ostream<char,std::char_traits<char>> &std::operator <<<std::char_traits<char>>(std::basic_ostream<char,std::char_traits<char>> &,signed char)'
C:\Program Files (x86)\Microsoft Visual Studio\2019\Community\VC\Tools\MSVC\14.28.29333\include\ostream(895,31): message : or       'std::basic_ostream<char,std::char_traits<char>> &std::operator <<<std::char_traits<char>>(std::basic_ostream<char,std::char_traits<char>> &,const signed char *)'
C:\Program Files (x86)\Microsoft Visual Studio\2019\Community\VC\Tools\MSVC\14.28.29333\include\ostream(778,31): message : or       'std::basic_ostream<char,std::char_traits<char>> &std::operator <<<std::char_traits<char>>(std::basic_ostream<char,std::char_traits<char>> &,char)'
C:\Program Files (x86)\Microsoft Visual Studio\2019\Community\VC\Tools\MSVC\14.28.29333\include\ostream(733,31): message : or       'std::basic_ostream<char,std::char_traits<char>> &std::operator <<<std::char_traits<char>>(std::basic_ostream<char,std::char_traits<char>> &,const char *)'
C:\Program Files (x86)\Microsoft Visual Studio\2019\Community\VC\Tools\MSVC\14.28.29333\include\ostream(697,32): message : or       'std::basic_ostream<char,std::char_traits<char>> &std::operator <<<char,std::char_traits<char>>(std::basic_ostream<char,std::char_traits<char>> &,char)'
C:\Program Files (x86)\Microsoft Visual Studio\2019\Community\VC\Tools\MSVC\14.28.29333\include\ostream(653,32): message : or       'std::basic_ostream<char,std::char_traits<char>> &std::operator <<<char,std::char_traits<char>>(std::basic_ostream<char,std::char_traits<char>> &,const char *)'
C:\Users\samue\OneDrive\Université\3 - H22\INF1010\TP\tp4\tp4\main.cpp(122,20): message : while trying to match the argument list '(std::ostream, Land)'
C:\Users\samue\OneDrive\Université\3 - H22\INF1010\TP\tp4\tp4\main.cpp(148,48): error C2662: 'std::shared_ptr<Creature> Land<T>::choisirCreature(std::string)': cannot convert 'this' pointer from 'Land' to 'Land<T> &'
C:\Users\samue\OneDrive\Université\3 - H22\INF1010\TP\tp4\tp4\main.cpp(148,48): message : Reason: cannot convert from 'Land' to 'Land<T>'
C:\Users\samue\OneDrive\Université\3 - H22\INF1010\TP\tp4\tp4\main.cpp(148,15): message : Conversion requires a second user-defined-conversion operator or constructor
C:\Users\samue\OneDrive\Université\3 - H22\INF1010\TP\tp4\tp4\Land.h(34,23): message : see declaration of 'Land<T>::choisirCreature'
C:\Users\samue\OneDrive\Université\3 - H22\INF1010\TP\tp4\tp4\main.cpp(149,56): error C2662: 'std::shared_ptr<Creature> Land<T>::choisirCreature(std::string)': cannot convert 'this' pointer from 'Land' to 'Land<T> &'
C:\Users\samue\OneDrive\Université\3 - H22\INF1010\TP\tp4\tp4\main.cpp(149,56): message : Reason: cannot convert from 'Land' to 'Land<T>'
C:\Users\samue\OneDrive\Université\3 - H22\INF1010\TP\tp4\tp4\main.cpp(149,19): message : Conversion requires a second user-defined-conversion operator or constructor
C:\Users\samue\OneDrive\Université\3 - H22\INF1010\TP\tp4\tp4\Land.h(34,23): message : see declaration of 'Land<T>::choisirCreature'
C:\Users\samue\OneDrive\Université\3 - H22\INF1010\TP\tp4\tp4\main.cpp(150,55): error C2662: 'std::shared_ptr<Creature> Land<T>::choisirCreature(std::string)': cannot convert 'this' pointer from 'Land' to 'Land<T> &'
C:\Users\samue\OneDrive\Université\3 - H22\INF1010\TP\tp4\tp4\main.cpp(150,55): message : Reason: cannot convert from 'Land' to 'Land<T>'
C:\Users\samue\OneDrive\Université\3 - H22\INF1010\TP\tp4\tp4\main.cpp(150,19): message : Conversion requires a second user-defined-conversion operator or constructor
C:\Users\samue\OneDrive\Université\3 - H22\INF1010\TP\tp4\tp4\Land.h(34,23): message : see declaration of 'Land<T>::choisirCreature'
C:\Users\samue\OneDrive\Université\3 - H22\INF1010\TP\tp4\tp4\main.cpp(152,18): error C3536: 'nom': cannot be used before it is initialized
C:\Users\samue\OneDrive\Université\3 - H22\INF1010\TP\tp4\tp4\main.cpp(152,55): error C3536: 'attaque': cannot be used before it is initialized
C:\Users\samue\OneDrive\Université\3 - H22\INF1010\TP\tp4\tp4\main.cpp(152,89): error C3536: 'energie': cannot be used before it is initialized
  Generating Code...
